
Gurobi 7.5.2 (mac64) logging started Thu Feb 15 13:14:36 2018

Academic license - for non-commercial use only
Optimize a model with 471 rows, 470 columns and 1175 nonzeros
Model has 27495 quadratic objective terms
Variable types: 235 continuous, 235 integer (235 binary)
Coefficient statistics:
  Matrix range     [1e-02, 1e+00]
  Objective range  [8e-03, 3e+06]
  QObjective range [6e-04, 2e+12]
  Bounds range     [1e-02, 1e+00]
  RHS range        [1e+00, 1e+00]
Warning: Model contains large quadratic objective coefficient range
         Consider reformulating model or setting NumericFocus parameter
         to avoid numerical issues.

Loaded MIP start with objective -95.4835

Warning: diagonal adjustment of 1.7e-08 performed to make Q PSD
Presolve removed 2 rows and 2 columns
Presolve time: 0.07s
Presolved: 469 rows, 468 columns, 1170 nonzeros
Presolved model has 27495 quadratic objective terms
Variable types: 234 continuous, 234 integer (234 binary)

Root relaxation: objective -2.196203e+02, 764 iterations, 0.07 seconds

    Nodes    |    Current Node    |     Objective Bounds      |     Work
 Expl Unexpl |  Obj  Depth IntInf | Incumbent    BestBd   Gap | It/Node Time

     0     0 -219.62030    0   22  -95.48350 -219.62030   130%     -    0s
H    0     0                    -157.7485036 -219.62030  39.2%     -    0s
H    0     0                    -165.1640613 -219.62030  33.0%     -    0s
     0     0 -172.86929    0    7 -165.16406 -172.86929  4.67%     -    0s
     0     0 -165.68312    0    3 -165.16406 -165.68312  0.31%     -    0s
     0     0 -165.26257    0    3 -165.16406 -165.26257  0.06%     -    0s
     0     0     cutoff    0      -165.16406 -165.16406  0.00%     -    0s

Explored 1 nodes (808 simplex iterations) in 0.25 seconds
Thread count was 4 (of 4 available processors)

Solution count 3: -165.164 -157.749 -95.4835 

Optimal solution found (tolerance 1.00e-04)
Best objective -1.651640613293e+02, best bound -1.651640613293e+02, gap 0.0000%

Gurobi 7.5.2 (mac64) logging started Thu Feb 15 13:14:37 2018

Academic license - for non-commercial use only
Optimize a model with 471 rows, 470 columns and 1175 nonzeros
Model has 27495 quadratic objective terms
Variable types: 235 continuous, 235 integer (235 binary)
Coefficient statistics:
  Matrix range     [3e-02, 1e+00]
  Objective range  [8e-03, 3e+06]
  QObjective range [6e-04, 2e+12]
  Bounds range     [3e-02, 1e+00]
  RHS range        [2e+00, 2e+00]
Warning: Model contains large quadratic objective coefficient range
         Consider reformulating model or setting NumericFocus parameter
         to avoid numerical issues.

Loaded MIP start with objective -168.191

Warning: diagonal adjustment of 1.7e-08 performed to make Q PSD
Presolve removed 2 rows and 2 columns
Presolve time: 0.01s
Presolved: 469 rows, 468 columns, 1170 nonzeros
Presolved model has 27495 quadratic objective terms
Variable types: 234 continuous, 234 integer (234 binary)

Root relaxation: objective -3.005752e+02, 784 iterations, 0.05 seconds

    Nodes    |    Current Node    |     Objective Bounds      |     Work
 Expl Unexpl |  Obj  Depth IntInf | Incumbent    BestBd   Gap | It/Node Time

     0     0 -300.57516    0   48 -168.19139 -300.57516  78.7%     -    0s
H    0     0                    -173.1585973 -300.57516  73.6%     -    0s
H    0     0                    -219.5864313 -300.57516  36.9%     -    0s
     0     2 -300.57516    0   48 -219.58643 -300.57516  36.9%     -    0s

Explored 353 nodes (5191 simplex iterations) in 1.14 seconds
Thread count was 4 (of 4 available processors)

Solution count 3: -219.586 -173.159 -168.191 

Optimal solution found (tolerance 1.00e-04)
Best objective -2.195864313056e+02, best bound -2.195864313056e+02, gap 0.0000%

Gurobi 7.5.2 (mac64) logging started Thu Feb 15 13:14:38 2018

Academic license - for non-commercial use only
Optimize a model with 471 rows, 470 columns and 1175 nonzeros
Model has 27495 quadratic objective terms
Variable types: 235 continuous, 235 integer (235 binary)
Coefficient statistics:
  Matrix range     [3e-02, 1e+00]
  Objective range  [8e-03, 3e+06]
  QObjective range [6e-04, 2e+12]
  Bounds range     [3e-02, 1e+00]
  RHS range        [3e+00, 3e+00]
Warning: Model contains large quadratic objective coefficient range
         Consider reformulating model or setting NumericFocus parameter
         to avoid numerical issues.

Loaded MIP start with objective -221.289

Warning: diagonal adjustment of 1.7e-08 performed to make Q PSD
Presolve removed 2 rows and 2 columns
Presolve time: 0.01s
Presolved: 469 rows, 468 columns, 1170 nonzeros
Presolved model has 27495 quadratic objective terms
Variable types: 234 continuous, 234 integer (234 binary)

Root relaxation: objective -3.049773e+02, 868 iterations, 0.04 seconds

    Nodes    |    Current Node    |     Objective Bounds      |     Work
 Expl Unexpl |  Obj  Depth IntInf | Incumbent    BestBd   Gap | It/Node Time

     0     0 -304.97734    0   52 -221.28858 -304.97734  37.8%     -    0s
H    0     0                    -222.9860236 -304.97734  36.8%     -    0s
     0     2 -304.97734    0   52 -222.98602 -304.97734  36.8%     -    0s
H   30    31                    -225.6869056 -299.81598  32.8%  24.6    0s
*   93    56              16    -238.2365558 -296.97751  24.7%  19.2    0s

Explored 758 nodes (16933 simplex iterations) in 2.26 seconds
Thread count was 4 (of 4 available processors)

Solution count 4: -238.237 -225.687 -222.986 -221.289 

Optimal solution found (tolerance 1.00e-04)
Best objective -2.382365557727e+02, best bound -2.382365557727e+02, gap 0.0000%

Gurobi 7.5.2 (mac64) logging started Thu Feb 15 13:23:21 2018

Academic license - for non-commercial use only
Optimize a model with 471 rows, 470 columns and 1175 nonzeros
Model has 27495 quadratic objective terms
Variable types: 235 continuous, 235 integer (235 binary)
Coefficient statistics:
  Matrix range     [3e-02, 1e+00]
  Objective range  [8e-03, 3e+06]
  QObjective range [6e-04, 2e+12]
  Bounds range     [3e-02, 1e+00]
  RHS range        [1e+00, 1e+00]
Warning: Model contains large quadratic objective coefficient range
         Consider reformulating model or setting NumericFocus parameter
         to avoid numerical issues.

Loaded MIP start with objective -158.704

Warning: diagonal adjustment of 1.7e-08 performed to make Q PSD
Presolve removed 2 rows and 2 columns
Presolve time: 0.04s
Presolved: 469 rows, 468 columns, 1170 nonzeros
Presolved model has 27495 quadratic objective terms
Variable types: 234 continuous, 234 integer (234 binary)

Root relaxation: objective -2.754377e+02, 789 iterations, 0.04 seconds

    Nodes    |    Current Node    |     Objective Bounds      |     Work
 Expl Unexpl |  Obj  Depth IntInf | Incumbent    BestBd   Gap | It/Node Time

     0     0 -275.43768    0   32 -158.70395 -275.43768  73.6%     -    0s
H    0     0                    -166.9291478 -275.43768  65.0%     -    0s
     0     0 -224.28695    0   12 -166.92915 -224.28695  34.4%     -    0s
     0     0 -192.20356    0    8 -166.92915 -192.20356  15.1%     -    0s
     0     0 -180.29824    0    8 -166.92915 -180.29824  8.01%     -    0s
     0     0 -177.87445    0    3 -166.92915 -177.87445  6.56%     -    0s
     0     0 -177.69418    0    3 -166.92915 -177.69418  6.45%     -    0s
     0     0 -177.50453    0    4 -166.92915 -177.50453  6.34%     -    0s
     0     0 -177.33478    0    5 -166.92915 -177.33478  6.23%     -    0s
     0     0 -177.29147    0    5 -166.92915 -177.29147  6.21%     -    0s
     0     0 -177.24142    0    4 -166.92915 -177.24142  6.18%     -    0s
     0     0 -177.20734    0    3 -166.92915 -177.20734  6.16%     -    0s
     0     0 -177.11501    0    4 -166.92915 -177.11501  6.10%     -    0s
     0     0 -177.05785    0    4 -166.92915 -177.05785  6.07%     -    0s
     0     0 -177.00481    0    5 -166.92915 -177.00481  6.04%     -    0s
     0     0 -176.99180    0    4 -166.92915 -176.99180  6.03%     -    0s
     0     0 -176.97289    0    4 -166.92915 -176.97289  6.02%     -    0s
     0     0 -176.93206    0    6 -166.92915 -176.93206  5.99%     -    0s
     0     0 -176.89595    0    4 -166.92915 -176.89595  5.97%     -    0s
     0     0 -176.87708    0    6 -166.92915 -176.87708  5.96%     -    0s
     0     0 -176.86036    0    6 -166.92915 -176.86036  5.95%     -    0s
     0     0 -176.84061    0    4 -166.92915 -176.84061  5.94%     -    0s
     0     0 -176.81783    0    4 -166.92915 -176.81783  5.92%     -    0s
     0     0 -176.78851    0    5 -166.92915 -176.78851  5.91%     -    0s
     0     0 -176.77778    0    4 -166.92915 -176.77778  5.90%     -    0s
     0     0 -176.76767    0    4 -166.92915 -176.76767  5.89%     -    0s
     0     0 -176.74666    0    4 -166.92915 -176.74666  5.88%     -    0s
     0     0 -176.72453    0    5 -166.92915 -176.72453  5.87%     -    0s
     0     0 -176.71402    0    3 -166.92915 -176.71402  5.86%     -    0s
     0     0 -176.70289    0    4 -166.92915 -176.70289  5.86%     -    0s
     0     0 -176.68934    0    4 -166.92915 -176.68934  5.85%     -    0s
     0     0 -176.67920    0    5 -166.92915 -176.67920  5.84%     -    0s
     0     0 -176.67077    0    5 -166.92915 -176.67077  5.84%     -    0s
     0     0 -176.66090    0    3 -166.92915 -176.66090  5.83%     -    0s
     0     0 -176.65378    0    5 -166.92915 -176.65378  5.83%     -    0s
     0     0 -176.64454    0    8 -166.92915 -176.64454  5.82%     -    0s
     0     0 -176.63453    0    5 -166.92915 -176.63453  5.81%     -    0s
     0     0 -176.62509    0    3 -166.92915 -176.62509  5.81%     -    0s
     0     0 -176.61817    0    5 -166.92915 -176.61817  5.80%     -    0s
     0     0 -176.61311    0    5 -166.92915 -176.61311  5.80%     -    0s
     0     0 -176.60042    0    5 -166.92915 -176.60042  5.79%     -    0s
     0     0 -176.58776    0    6 -166.92915 -176.58776  5.79%     -    0s
     0     0 -176.58233    0    5 -166.92915 -176.58233  5.78%     -    0s
     0     0 -176.57738    0    4 -166.92915 -176.57738  5.78%     -    0s
     0     0 -176.57282    0    5 -166.92915 -176.57282  5.78%     -    0s
     0     0 -176.56732    0    5 -166.92915 -176.56732  5.77%     -    0s
     0     0 -176.56489    0    5 -166.92915 -176.56489  5.77%     -    0s
     0     0 -176.56214    0    5 -166.92915 -176.56214  5.77%     -    0s
     0     0 -176.55685    0    5 -166.92915 -176.55685  5.77%     -    0s
     0     0 -176.55220    0    5 -166.92915 -176.55220  5.76%     -    0s
     0     0 -176.55002    0    5 -166.92915 -176.55002  5.76%     -    0s
     0     0 -176.54030    0    4 -166.92915 -176.54030  5.76%     -    0s
     0     0 -176.53322    0    6 -166.92915 -176.53322  5.75%     -    0s
     0     0 -176.52793    0    6 -166.92915 -176.52793  5.75%     -    0s
     0     0 -176.52609    0    3 -166.92915 -176.52609  5.75%     -    0s
     0     0 -176.52182    0    5 -166.92915 -176.52182  5.75%     -    0s
     0     0 -176.51899    0    4 -166.92915 -176.51899  5.74%     -    0s
     0     0 -176.51631    0    3 -166.92915 -176.51631  5.74%     -    0s
     0     0 -176.51595    0    4 -166.92915 -176.51595  5.74%     -    0s
     0     0 -176.51515    0    3 -166.92915 -176.51515  5.74%     -    0s
     0     0 -176.51185    0    5 -166.92915 -176.51185  5.74%     -    0s
     0     0 -176.50873    0    6 -166.92915 -176.50873  5.74%     -    0s
     0     0 -176.50790    0    3 -166.92915 -176.50790  5.74%     -    0s
     0     0 -176.50520    0    3 -166.92915 -176.50520  5.74%     -    0s
     0     0 -176.50384    0    4 -166.92915 -176.50384  5.74%     -    0s
     0     0 -176.50240    0    5 -166.92915 -176.50240  5.73%     -    0s
     0     0 -176.50062    0    5 -166.92915 -176.50062  5.73%     -    0s
     0     0 -176.49979    0    5 -166.92915 -176.49979  5.73%     -    0s
     0     0 -176.49890    0    3 -166.92915 -176.49890  5.73%     -    0s
     0     0 -176.49808    0    5 -166.92915 -176.49808  5.73%     -    0s
     0     0 -176.49761    0    3 -166.92915 -176.49761  5.73%     -    0s
     0     0 -176.49653    0    4 -166.92915 -176.49653  5.73%     -    0s
     0     0 -176.49574    0    4 -166.92915 -176.49574  5.73%     -    0s
     0     0 -176.49516    0    3 -166.92915 -176.49516  5.73%     -    0s
     0     0 -176.49421    0    5 -166.92915 -176.49421  5.73%     -    0s
     0     0 -176.49301    0    4 -166.92915 -176.49301  5.73%     -    0s
     0     0 -176.49255    0    4 -166.92915 -176.49255  5.73%     -    0s
     0     0 -176.49122    0    3 -166.92915 -176.49122  5.73%     -    0s
     0     0 -176.49011    0    5 -166.92915 -176.49011  5.73%     -    0s
     0     0 -176.48907    0    3 -166.92915 -176.48907  5.73%     -    0s
     0     0 -176.48904    0    2 -166.92915 -176.48904  5.73%     -    0s
     0     0 -176.48904    0    1 -166.92915 -176.48904  5.73%     -    1s

Explored 1 nodes (1531 simplex iterations) in 1.01 seconds
Thread count was 4 (of 4 available processors)

Solution count 2: -166.929 -158.704 

Optimal solution found (tolerance 1.00e-04)
Best objective -1.669291478288e+02, best bound -1.669291478288e+02, gap 0.0000%

Gurobi 7.5.2 (mac64) logging started Thu Feb 15 13:23:22 2018

Academic license - for non-commercial use only
Optimize a model with 471 rows, 470 columns and 1175 nonzeros
Model has 27495 quadratic objective terms
Variable types: 235 continuous, 235 integer (235 binary)
Coefficient statistics:
  Matrix range     [6e-01, 1e+00]
  Objective range  [8e-03, 3e+06]
  QObjective range [6e-04, 2e+12]
  Bounds range     [6e-01, 1e+00]
  RHS range        [2e+00, 2e+00]
Warning: Model contains large quadratic objective coefficient range
         Consider reformulating model or setting NumericFocus parameter
         to avoid numerical issues.

Loaded MIP start with objective -168.602

Warning: diagonal adjustment of 1.7e-08 performed to make Q PSD
Presolve removed 2 rows and 2 columns
Presolve time: 0.01s
Presolved: 469 rows, 468 columns, 1170 nonzeros
Presolved model has 27495 quadratic objective terms
Variable types: 234 continuous, 234 integer (234 binary)

Root relaxation: objective -3.458035e+02, 1472 iterations, 0.13 seconds

    Nodes    |    Current Node    |     Objective Bounds      |     Work
 Expl Unexpl |  Obj  Depth IntInf | Incumbent    BestBd   Gap | It/Node Time

     0     0 -345.80350    0   65 -168.60244 -345.80350   105%     -    0s
H    0     0                    -171.4725179 -345.80350   102%     -    0s
     0     2 -345.80350    0   65 -171.47252 -345.80350   102%     -    0s
H  207   203                    -176.4837119 -332.49443  88.4%  11.7    1s
*  342   291             193    -182.2806046 -332.49443  82.4%   9.7    1s
*  429   362              13    -183.7470253 -326.40536  77.6%  13.6    1s
*  775   476              21    -184.9431241 -316.44012  71.1%  20.1    3s
  1025   489 -301.50487   53   67 -184.94312 -313.26754  69.4%  24.4    5s
* 1156   474              65    -219.5864313 -311.17316  41.7%  24.2    5s

Explored 1859 nodes (56346 simplex iterations) in 8.43 seconds
Thread count was 4 (of 4 available processors)

Solution count 7: -219.586 -184.943 -183.747 ... -168.602

Optimal solution found (tolerance 1.00e-04)
Best objective -2.195864313056e+02, best bound -2.195864313056e+02, gap 0.0000%

Gurobi 7.5.2 (mac64) logging started Thu Feb 15 13:23:31 2018

Academic license - for non-commercial use only
Optimize a model with 471 rows, 470 columns and 1175 nonzeros
Model has 27495 quadratic objective terms
Variable types: 235 continuous, 235 integer (235 binary)
Coefficient statistics:
  Matrix range     [3e-02, 1e+00]
  Objective range  [8e-03, 3e+06]
  QObjective range [6e-04, 2e+12]
  Bounds range     [3e-02, 1e+00]
  RHS range        [3e+00, 3e+00]
Warning: Model contains large quadratic objective coefficient range
         Consider reformulating model or setting NumericFocus parameter
         to avoid numerical issues.

Loaded MIP start with objective -221.289

Warning: diagonal adjustment of 1.7e-08 performed to make Q PSD
Presolve removed 2 rows and 2 columns
Presolve time: 0.01s
Presolved: 469 rows, 468 columns, 1170 nonzeros
Presolved model has 27495 quadratic objective terms
Variable types: 234 continuous, 234 integer (234 binary)

Root relaxation: objective -3.049773e+02, 868 iterations, 0.04 seconds

    Nodes    |    Current Node    |     Objective Bounds      |     Work
 Expl Unexpl |  Obj  Depth IntInf | Incumbent    BestBd   Gap | It/Node Time

     0     0 -304.97734    0   52 -221.28858 -304.97734  37.8%     -    0s
H    0     0                    -222.9860236 -304.97734  36.8%     -    0s
     0     2 -304.97734    0   52 -222.98602 -304.97734  36.8%     -    0s
H   30    31                    -225.6869056 -299.81598  32.8%  24.6    0s
*   93    56              16    -238.2365558 -296.97751  24.7%  19.2    0s

Explored 758 nodes (16933 simplex iterations) in 2.35 seconds
Thread count was 4 (of 4 available processors)

Solution count 4: -238.237 -225.687 -222.986 -221.289 

Optimal solution found (tolerance 1.00e-04)
Best objective -2.382365557727e+02, best bound -2.382365557727e+02, gap 0.0000%

Gurobi 7.5.2 (mac64) logging started Thu Feb 15 13:23:34 2018

Academic license - for non-commercial use only
Optimize a model with 471 rows, 470 columns and 1175 nonzeros
Model has 27495 quadratic objective terms
Variable types: 235 continuous, 235 integer (235 binary)
Coefficient statistics:
  Matrix range     [3e-02, 1e+00]
  Objective range  [8e-03, 3e+06]
  QObjective range [6e-04, 2e+12]
  Bounds range     [3e-02, 1e+00]
  RHS range        [4e+00, 4e+00]
Warning: Model contains large quadratic objective coefficient range
         Consider reformulating model or setting NumericFocus parameter
         to avoid numerical issues.

Loaded MIP start with objective -240.75

Warning: diagonal adjustment of 1.7e-08 performed to make Q PSD
Presolve removed 2 rows and 2 columns
Presolve time: 0.01s
Presolved: 469 rows, 468 columns, 1170 nonzeros
Presolved model has 27495 quadratic objective terms
Variable types: 234 continuous, 234 integer (234 binary)

Root relaxation: objective -3.076977e+02, 833 iterations, 0.04 seconds

    Nodes    |    Current Node    |     Objective Bounds      |     Work
 Expl Unexpl |  Obj  Depth IntInf | Incumbent    BestBd   Gap | It/Node Time

     0     0 -307.69773    0   53 -240.75001 -307.69773  27.8%     -    0s
     0     2 -307.69773    0   53 -240.75001 -307.69773  27.8%     -    0s
H   33    32                    -252.5813890 -304.63481  20.6%  18.4    0s
  1927   361 -270.70737   25   37 -252.58139 -283.31186  12.2%  15.9    5s

Explored 3161 nodes (54098 simplex iterations) in 7.62 seconds
Thread count was 4 (of 4 available processors)

Solution count 2: -252.581 -240.75 

Optimal solution found (tolerance 1.00e-04)
Best objective -2.525813890357e+02, best bound -2.525813890357e+02, gap 0.0000%

Gurobi 7.5.2 (mac64) logging started Thu Feb 15 13:23:44 2018

Academic license - for non-commercial use only
Optimize a model with 471 rows, 470 columns and 1175 nonzeros
Model has 27495 quadratic objective terms
Variable types: 235 continuous, 235 integer (235 binary)
Coefficient statistics:
  Matrix range     [3e-02, 1e+00]
  Objective range  [8e-03, 3e+06]
  QObjective range [6e-04, 2e+12]
  Bounds range     [3e-02, 1e+00]
  RHS range        [5e+00, 5e+00]
Warning: Model contains large quadratic objective coefficient range
         Consider reformulating model or setting NumericFocus parameter
         to avoid numerical issues.

Loaded MIP start with objective -254.851

Warning: diagonal adjustment of 1.7e-08 performed to make Q PSD
Presolve removed 2 rows and 2 columns
Presolve time: 0.01s
Presolved: 469 rows, 468 columns, 1170 nonzeros
Presolved model has 27495 quadratic objective terms
Variable types: 234 continuous, 234 integer (234 binary)

Root relaxation: objective -3.081020e+02, 824 iterations, 0.04 seconds

    Nodes    |    Current Node    |     Objective Bounds      |     Work
 Expl Unexpl |  Obj  Depth IntInf | Incumbent    BestBd   Gap | It/Node Time

     0     0 -308.10201    0   53 -254.85104 -308.10201  20.9%     -    0s
     0     2 -308.10201    0   53 -254.85104 -308.10201  20.9%     -    0s
*   95    62              14    -261.4771117 -303.61166  16.1%  14.6    0s
H  857   374                    -263.7992409 -298.28596  13.1%  11.8    2s
  1808   359     cutoff   30      -263.79924 -292.07083  10.7%  14.9    5s
  3918   498     cutoff   25      -263.79924 -279.56661  5.98%  15.6   10s

Explored 5443 nodes (81612 simplex iterations) in 13.32 seconds
Thread count was 4 (of 4 available processors)

Solution count 3: -263.799 -261.477 -254.851 

Optimal solution found (tolerance 1.00e-04)
Best objective -2.637992409276e+02, best bound -2.637992409276e+02, gap 0.0000%

Gurobi 7.5.2 (mac64) logging started Thu Feb 15 13:23:57 2018

Academic license - for non-commercial use only
Optimize a model with 471 rows, 470 columns and 1175 nonzeros
Model has 27495 quadratic objective terms
Variable types: 235 continuous, 235 integer (235 binary)
Coefficient statistics:
  Matrix range     [3e-02, 1e+00]
  Objective range  [8e-03, 3e+06]
  QObjective range [6e-04, 2e+12]
  Bounds range     [3e-02, 1e+00]
  RHS range        [6e+00, 6e+00]
Warning: Model contains large quadratic objective coefficient range
         Consider reformulating model or setting NumericFocus parameter
         to avoid numerical issues.

Loaded MIP start with objective -265.918

Warning: diagonal adjustment of 1.7e-08 performed to make Q PSD
Presolve removed 2 rows and 2 columns
Presolve time: 0.01s
Presolved: 469 rows, 468 columns, 1170 nonzeros
Presolved model has 27495 quadratic objective terms
Variable types: 234 continuous, 234 integer (234 binary)

Root relaxation: objective -3.101060e+02, 811 iterations, 0.04 seconds

    Nodes    |    Current Node    |     Objective Bounds      |     Work
 Expl Unexpl |  Obj  Depth IntInf | Incumbent    BestBd   Gap | It/Node Time

     0     0 -310.10601    0   56 -265.91839 -310.10601  16.6%     -    0s
     0     2 -310.10601    0   56 -265.91839 -310.10601  16.6%     -    0s
H   32    33                    -266.7931174 -306.65233  14.9%  13.7    0s
*   66    59              25    -267.4120291 -305.41568  14.2%  14.5    0s
*  116    95              35    -271.7923597 -304.34841  12.0%  13.5    0s
H 1114   399                    -273.3808839 -300.31584  9.85%  13.9    3s
  1746   410 -279.32908   26   39 -273.38088 -297.86505  8.96%  13.9    5s
  3966   771     cutoff   25      -273.38088 -290.94278  6.42%  14.4   10s
  6314   801 -273.57602   25   43 -273.38088 -285.56357  4.46%  14.4   15s
  8635   392     cutoff   26      -273.38088 -279.53835  2.25%  14.0   20s

Explored 9518 nodes (130574 simplex iterations) in 21.71 seconds
Thread count was 4 (of 4 available processors)

Solution count 5: -273.381 -271.792 -267.412 ... -265.918

Optimal solution found (tolerance 1.00e-04)
Best objective -2.733808838702e+02, best bound -2.733808838702e+02, gap 0.0000%

Gurobi 7.5.2 (mac64) logging started Thu Feb 15 13:24:19 2018

Academic license - for non-commercial use only
Optimize a model with 471 rows, 470 columns and 1175 nonzeros
Model has 27495 quadratic objective terms
Variable types: 235 continuous, 235 integer (235 binary)
Coefficient statistics:
  Matrix range     [3e-02, 1e+00]
  Objective range  [8e-03, 3e+06]
  QObjective range [6e-04, 2e+12]
  Bounds range     [3e-02, 1e+00]
  RHS range        [7e+00, 7e+00]
Warning: Model contains large quadratic objective coefficient range
         Consider reformulating model or setting NumericFocus parameter
         to avoid numerical issues.

Loaded MIP start with objective -275.384

Warning: diagonal adjustment of 1.7e-08 performed to make Q PSD
Presolve removed 2 rows and 2 columns
Presolve time: 0.01s
Presolved: 469 rows, 468 columns, 1170 nonzeros
Presolved model has 27495 quadratic objective terms
Variable types: 234 continuous, 234 integer (234 binary)

Root relaxation: objective -3.115699e+02, 842 iterations, 0.05 seconds

    Nodes    |    Current Node    |     Objective Bounds      |     Work
 Expl Unexpl |  Obj  Depth IntInf | Incumbent    BestBd   Gap | It/Node Time

     0     0 -311.56992    0   55 -275.38351 -311.56992  13.1%     -    0s
     0     2 -311.56992    0   55 -275.38351 -311.56992  13.1%     -    0s
H   64    55                    -277.1810365 -307.42916  10.9%  11.5    0s
*  140   107              57    -279.7030835 -307.42916  9.91%   9.1    0s
  1613   419     cutoff   27      -279.70308 -300.75370  7.53%  12.1    5s
H 2180   449                    -280.6208028 -299.22811  6.63%  12.3    6s
  3940   912 -288.68281   26   40 -280.62080 -296.43323  5.63%  12.0   10s
  6174  1147 -287.48034   27   42 -280.62080 -293.62838  4.64%  12.4   15s
  8623  1255     cutoff   28      -280.62080 -290.90742  3.67%  12.4   20s
 11054  1039 -288.27239   26   43 -280.62080 -288.34586  2.75%  12.3   25s
 13424   625 -284.66851   22   48 -280.62080 -284.97964  1.55%  11.9   30s

Explored 14739 nodes (173987 simplex iterations) in 32.74 seconds
Thread count was 4 (of 4 available processors)

Solution count 4: -280.621 -279.703 -277.181 -275.384 

Optimal solution found (tolerance 1.00e-04)
Best objective -2.806208028380e+02, best bound -2.806208028380e+02, gap 0.0000%

Gurobi 7.5.2 (mac64) logging started Thu Feb 15 13:24:52 2018

Academic license - for non-commercial use only
Optimize a model with 471 rows, 470 columns and 1175 nonzeros
Model has 27495 quadratic objective terms
Variable types: 235 continuous, 235 integer (235 binary)
Coefficient statistics:
  Matrix range     [3e-02, 1e+00]
  Objective range  [8e-03, 3e+06]
  QObjective range [6e-04, 2e+12]
  Bounds range     [3e-02, 1e+00]
  RHS range        [8e+00, 8e+00]
Warning: Model contains large quadratic objective coefficient range
         Consider reformulating model or setting NumericFocus parameter
         to avoid numerical issues.

Loaded MIP start with objective -282.533

Warning: diagonal adjustment of 1.7e-08 performed to make Q PSD
Presolve removed 2 rows and 2 columns
Presolve time: 0.01s
Presolved: 469 rows, 468 columns, 1170 nonzeros
Presolved model has 27495 quadratic objective terms
Variable types: 234 continuous, 234 integer (234 binary)

Root relaxation: objective -3.127927e+02, 829 iterations, 0.05 seconds

    Nodes    |    Current Node    |     Objective Bounds      |     Work
 Expl Unexpl |  Obj  Depth IntInf | Incumbent    BestBd   Gap | It/Node Time

     0     0 -312.79274    0   57 -282.53338 -312.79274  10.7%     -    0s
     0     2 -312.79274    0   57 -282.53338 -312.79274  10.7%     -    0s
H   70    63                    -283.4115010 -308.72553  8.93%   9.9    0s
  1773   553     cutoff   30      -283.41150 -302.69728  6.80%  11.9    5s
  3963  1053     cutoff   31      -283.41150 -298.86467  5.45%  12.1   10s
  6383  1545     cutoff   33      -283.41150 -296.69753  4.69%  12.1   15s
  8929  1923 -292.17438   29   41 -283.41150 -294.95455  4.07%  12.0   20s
 11738  2218     cutoff   26      -283.41150 -293.60163  3.60%  11.9   25s
 14170  2386     cutoff   30      -283.41150 -292.37261  3.16%  11.8   30s
 16800  2466     cutoff   29      -283.41150 -291.16875  2.74%  11.6   35s
 19782  2435     cutoff   28      -283.41150 -289.70830  2.22%  11.4   40s
 22446  2157 -285.59677   26   40 -283.41150 -288.25038  1.71%  11.2   45s
 25212  1606 -286.51173   27   45 -283.41150 -286.53082  1.10%  11.0   50s
 27392   361     cutoff   39      -283.41150 -284.26425  0.30%  10.9   55s

Explored 27868 nodes (305633 simplex iterations) in 55.88 seconds
Thread count was 4 (of 4 available processors)

Solution count 2: -283.412 -282.533 

Optimal solution found (tolerance 1.00e-04)
Best objective -2.834115010272e+02, best bound -2.834115010272e+02, gap 0.0000%

Gurobi 7.5.2 (mac64) logging started Thu Feb 15 13:25:53 2018

Academic license - for non-commercial use only
Optimize a model with 471 rows, 470 columns and 1175 nonzeros
Model has 27495 quadratic objective terms
Variable types: 235 continuous, 235 integer (235 binary)
Coefficient statistics:
  Matrix range     [6e-01, 1e+00]
  Objective range  [8e-03, 3e+06]
  QObjective range [6e-04, 2e+12]
  Bounds range     [6e-01, 1e+00]
  RHS range        [9e+00, 9e+00]
Warning: Model contains large quadratic objective coefficient range
         Consider reformulating model or setting NumericFocus parameter
         to avoid numerical issues.

Loaded MIP start with objective -295.298

Warning: diagonal adjustment of 1.7e-08 performed to make Q PSD
Presolve removed 2 rows and 2 columns
Presolve time: 0.01s
Presolved: 469 rows, 468 columns, 1170 nonzeros
Presolved model has 27495 quadratic objective terms
Variable types: 234 continuous, 234 integer (234 binary)

Root relaxation: objective -3.793304e+02, 1443 iterations, 0.18 seconds

    Nodes    |    Current Node    |     Objective Bounds      |     Work
 Expl Unexpl |  Obj  Depth IntInf | Incumbent    BestBd   Gap | It/Node Time

     0     0 -379.33039    0  119 -295.29781 -379.33039  28.5%     -    0s
     0     2 -379.33039    0  119 -295.29781 -379.33039  28.5%     -    0s
H  169   152                    -295.3163019 -375.88034  27.3%  12.1    1s
H  198   170                    -297.3383708 -373.61793  25.7%  13.1    1s
H  200   165                    -299.0493162 -373.61793  24.9%  13.0    1s
   733   659 -370.10603   16  120 -299.04932 -371.27405  24.2%  14.1    5s
  1704  1032 -314.07751  132   62 -299.04932 -369.23786  23.5%  14.3   10s
H 1824  1014                    -300.2559192 -367.77838  22.5%  14.3   10s
  3176  1741 -316.44892   57   61 -300.25592 -364.87661  21.5%  14.0   15s
  4914  2818 -320.83173   43   63 -300.25592 -362.15543  20.6%  13.6   20s
  6380  3723 -352.88823   26   69 -300.25592 -360.64975  20.1%  13.7   25s
  8007  4777 -335.88056   30   62 -300.25592 -359.26454  19.7%  13.7   30s
  9759  5899 -324.53827   46   50 -300.25592 -358.02471  19.2%  13.6   35s
 11823  7147 -304.82117   42   68 -300.25592 -356.98623  18.9%  13.5   41s
 13588  8256 -314.87604   30   52 -300.25592 -355.91586  18.5%  13.5   45s
H14704  8630                    -301.1889385 -355.50954  18.0%  13.6   49s
H14736  8591                    -301.3211765 -355.50954  18.0%  13.6   49s
H14787  8564                    -301.5092450 -355.50208  17.9%  13.6   49s
 14996  8740 -315.48756   50   43 -301.50924 -355.35732  17.9%  13.6   50s
 16144  9371 -332.56566   31   60 -301.50924 -354.92517  17.7%  13.6   55s
 18008 10537 -332.68310   33   58 -301.50924 -354.32024  17.5%  13.4   60s
 19764 11598 -314.42350   40   55 -301.50924 -353.66968  17.3%  13.4   65s
 21060 12430     cutoff   28      -301.50924 -353.27034  17.2%  13.4   71s
 22797 13687     cutoff   38      -301.50924 -352.75698  17.0%  13.3   76s
 24468 14759 -311.38284   60   66 -301.50924 -352.42754  16.9%  13.3   80s
 26199 15889 -316.03582   44   58 -301.50924 -351.94306  16.7%  13.2   85s
 27934 17122 -315.72023   60   69 -301.50924 -351.49176  16.6%  13.2   90s
 29816 18308 -339.61535   32   70 -301.50924 -350.97755  16.4%  13.2   96s
 31441 19302 -346.56031   28   66 -301.50924 -350.57690  16.3%  13.2  100s

Explored 31640 nodes (418299 simplex iterations) in 100.01 seconds
Thread count was 4 (of 4 available processors)

Solution count 8: -301.509 -301.321 -301.189 ... -295.298

Time limit reached
Best objective -3.015092449856e+02, best bound -3.505705961232e+02, gap 16.2719%

Gurobi 7.5.2 (mac64) logging started Thu Feb 15 13:27:41 2018

Academic license - for non-commercial use only
Optimize a model with 471 rows, 470 columns and 1175 nonzeros
Model has 27495 quadratic objective terms
Variable types: 235 continuous, 235 integer (235 binary)
Coefficient statistics:
  Matrix range     [4e-01, 1e+00]
  Objective range  [8e-03, 3e+06]
  QObjective range [6e-04, 2e+12]
  Bounds range     [4e-01, 1e+00]
  RHS range        [1e+01, 1e+01]
Warning: Model contains large quadratic objective coefficient range
         Consider reformulating model or setting NumericFocus parameter
         to avoid numerical issues.

Loaded MIP start with objective -301.509

Warning: diagonal adjustment of 1.7e-08 performed to make Q PSD
Presolve removed 2 rows and 2 columns
Presolve time: 0.01s
Presolved: 469 rows, 468 columns, 1170 nonzeros
Presolved model has 27495 quadratic objective terms
Variable types: 234 continuous, 234 integer (234 binary)

Root relaxation: objective -3.768522e+02, 1373 iterations, 0.16 seconds

    Nodes    |    Current Node    |     Objective Bounds      |     Work
 Expl Unexpl |  Obj  Depth IntInf | Incumbent    BestBd   Gap | It/Node Time

     0     0 -376.85218    0  112 -301.50924 -376.85218  25.0%     -    0s
     0     2 -376.85218    0  112 -301.50924 -376.85218  25.0%     -    0s
H  257   230                    -304.1657964 -374.23214  23.0%  10.6    1s
   833   717 -342.41351   28   67 -304.16580 -371.25682  22.1%  13.4    5s
H 1141   823                    -304.7146488 -371.25682  21.8%  13.9    6s
H 1725  1081                    -305.4470672 -367.90661  20.4%  12.7    8s
  2210  1283 -313.16820   75   46 -305.44707 -367.90661  20.4%  12.7   10s
H 2941  1705                    -305.6424183 -365.06749  19.4%  12.5   12s
  3805  2340 -309.41324   63   48 -305.64242 -363.88906  19.1%  12.4   15s
  5565  3416 -359.97957   24   73 -305.64242 -360.47105  17.9%  12.8   20s
  7356  4637 -335.60552   29   68 -305.64242 -359.04332  17.5%  12.6   25s
  9138  5902 -357.02327   26   70 -305.64242 -357.98944  17.1%  12.8   30s
 11049  7129 -317.59885   63   41 -305.64242 -356.60379  16.7%  12.8   35s
 12822  8140 -319.65611   33   67 -305.64242 -355.84742  16.4%  12.8   40s
 14864  9380 -308.73661   52   66 -305.64242 -354.88151  16.1%  12.8   45s
H16142 10038                    -306.9295587 -354.61901  15.5%  12.7   49s
H16253 10069                    -307.0175751 -354.50958  15.5%  12.7   49s
 16413 10225 -335.48071   33   53 -307.01758 -354.50958  15.5%  12.7   51s
 17733 11167 -337.51107   35   62 -307.01758 -354.20813  15.4%  12.7   55s
 19623 12275     cutoff   74      -307.01758 -353.70264  15.2%  12.7   60s
 20875 13075 -307.87072   48   64 -307.01758 -353.24455  15.1%  12.6   66s
 22713 14310 -323.27980   45   58 -307.01758 -352.75472  14.9%  12.6   70s
 24870 15715 -324.02432   36   45 -307.01758 -352.10633  14.7%  12.5   75s
 26909 16999 -340.19829   29   58 -307.01758 -351.56721  14.5%  12.6   80s
 29022 18524 -330.73346   32   57 -307.01758 -351.15059  14.4%  12.6   86s
 29905 19144 -309.02065   38   55 -307.01758 -350.87718  14.3%  12.6   90s
 32084 20603 -328.58190   33   57 -307.01758 -350.48479  14.2%  12.5   95s
 34215 22137 -338.70247   37   58 -307.01758 -350.14420  14.0%  12.5  100s

Explored 34449 nodes (432173 simplex iterations) in 100.01 seconds
Thread count was 4 (of 4 available processors)

Solution count 7: -307.018 -306.93 -305.642 ... -301.509

Time limit reached
Best objective -3.070175750798e+02, best bound -3.501441970665e+02, gap 14.0470%

Gurobi 7.5.2 (mac64) logging started Mon Feb 19 14:46:38 2018

Academic license - for non-commercial use only
Optimize a model with 471 rows, 470 columns and 1175 nonzeros
Model has 27495 quadratic objective terms
Variable types: 235 continuous, 235 integer (235 binary)
Coefficient statistics:
  Matrix range     [1e+00, 2e+00]
  Objective range  [8e-03, 3e+06]
  QObjective range [6e-04, 2e+12]
  Bounds range     [1e+00, 2e+00]
  RHS range        [1e+01, 1e+01]
Warning: Model contains large quadratic objective coefficient range
         Consider reformulating model or setting NumericFocus parameter
         to avoid numerical issues.

Loaded MIP start with objective -184.799

Warning: diagonal adjustment of 1.7e-08 performed to make Q PSD
Presolve removed 2 rows and 2 columns
Presolve time: 0.03s
Presolved: 469 rows, 468 columns, 1170 nonzeros
Presolved model has 27495 quadratic objective terms
Variable types: 234 continuous, 234 integer (234 binary)

Root relaxation: objective -4.040860e+02, 1754 iterations, 0.38 seconds

    Nodes    |    Current Node    |     Objective Bounds      |     Work
 Expl Unexpl |  Obj  Depth IntInf | Incumbent    BestBd   Gap | It/Node Time

     0     0 -404.08600    0  163 -184.79877 -404.08600   119%     -    0s
H    0     0                    -191.5401723 -404.08600   111%     -    0s
H    0     0                    -230.5378105 -404.08600  75.3%     -    0s
     0     2 -404.08600    0  163 -230.53781 -404.08600  75.3%     -    1s
H   27    30                    -234.8194066 -401.55658  71.0%  18.9    2s
H  238   237                    -236.7488303 -401.55658  69.6%   9.6    3s
*  474   402             216    -241.1448432 -398.24706  65.1%   8.0    3s
H  486   418                    -241.7053947 -398.24706  64.8%   8.0    3s
H  517   449                    -250.2260701 -398.24706  59.2%   8.6    3s
H  599   528                    -252.7096593 -398.24706  57.6%   9.1    4s
   746   672 -341.04651  111  163 -252.70966 -398.24706  57.6%   8.7    5s
H  747   639                    -254.7792141 -398.24706  56.3%   8.7    5s
H  781   628                    -280.7275694 -398.17334  41.8%  11.5    8s
H  815   622                    -280.7907203 -398.17334  41.8%  11.9    8s
H  817   594                    -295.6305097 -398.17334  34.7%  11.9    8s
H  852   587                    -296.1284533 -398.17334  34.5%  12.4    8s
H  886   586                    -298.0072141 -398.17334  33.6%  12.7    9s
   982   637 -340.27582   42   70 -298.00721 -398.17334  33.6%  14.0   10s
H 1414   703                    -298.0330196 -398.17334  33.6%  15.7   12s
H 1675   786                    -298.6140923 -397.43105  33.1%  15.5   14s
H 1745   757                    -303.6683277 -397.43105  30.9%  15.3   14s
  1836   786 -341.92524   44   90 -303.66833 -397.43105  30.9%  15.5   15s
  2768  1134 -308.60132   55   69 -303.66833 -394.20589  29.8%  15.2   20s
  3707  1932 -311.59579   52  115 -303.66833 -391.11249  28.8%  14.5   25s
H 4162  2235                    -303.7343454 -390.48623  28.6%  14.4   27s
  4690  2583 -381.21324   24  129 -303.73435 -389.62750  28.3%  13.7   30s
  5518  3195 -308.85844   88   55 -303.73435 -389.42866  28.2%  13.7   35s
  6362  3756 -342.21904   46  118 -303.73435 -388.37689  27.9%  13.9   40s
  7368  4427 -328.55102   49   85 -303.73435 -387.34293  27.5%  13.9   45s
  8200  5057 -357.05635   30  120 -303.73435 -386.73023  27.3%  13.8   50s
  9075  5577 -313.26996   61   68 -303.73435 -386.30489  27.2%  14.0   56s
 10318  6455 -369.53748   30  152 -303.73435 -385.92588  27.1%  13.9   62s
 11356  6927 -346.90773   48  118 -303.73435 -385.39504  26.9%  13.8   66s
 12335  7566 -374.30251   25  104 -303.73435 -385.04089  26.8%  13.6   70s
 13078  8132 -323.88690   80   84 -303.73435 -385.04089  26.8%  13.6   75s
 14298  8993 -305.38183   90   85 -303.73435 -384.27170  26.5%  13.5   81s
 15058  9451 -376.19690   28  133 -303.73435 -383.95445  26.4%  13.6   85s
 16254 10232 -310.46321   79   65 -303.73435 -383.48208  26.3%  13.5   91s
 17096 10761 -344.86858   36  111 -303.73435 -383.21855  26.2%  13.5   95s
H17105 10143                    -306.1274747 -383.21855  25.2%  13.5   95s
H17188  9993                    -306.7379489 -383.21855  24.9%  13.5   95s
 17468 10224 -361.25228   34  118 -306.73795 -382.99865  24.9%  13.4  100s

Explored 17545 nodes (237714 simplex iterations) in 100.02 seconds
Thread count was 4 (of 4 available processors)

Solution count 10: -306.738 -306.127 -303.734 ... -280.791

Time limit reached
Best objective -3.067379489428e+02, best bound -3.829986486636e+02, gap 24.8618%

Gurobi 7.5.2 (mac64) logging started Mon Feb 19 14:52:25 2018

Academic license - for non-commercial use only
Optimize a model with 467 rows, 466 columns and 1165 nonzeros
Model has 27028 quadratic objective terms
Variable types: 233 continuous, 233 integer (233 binary)
Coefficient statistics:
  Matrix range     [1e+00, 1e+00]
  Objective range  [8e-03, 3e+06]
  QObjective range [6e-04, 2e+12]
  Bounds range     [1e+00, 1e+00]
  RHS range        [1e+01, 1e+01]
Warning: Model contains large quadratic objective coefficient range
         Consider reformulating model or setting NumericFocus parameter
         to avoid numerical issues.

Loaded MIP start with objective -200.298

Presolve removed 2 rows and 2 columns
Presolve time: 0.01s
Presolved: 465 rows, 464 columns, 1160 nonzeros
Presolved model has 27028 quadratic objective terms
Variable types: 232 continuous, 232 integer (232 binary)

Root relaxation: objective -3.958615e+02, 1982 iterations, 0.32 seconds

    Nodes    |    Current Node    |     Objective Bounds      |     Work
 Expl Unexpl |  Obj  Depth IntInf | Incumbent    BestBd   Gap | It/Node Time

     0     0 -395.86151    0  148 -200.29845 -395.86151  97.6%     -    0s
H    0     0                    -206.8395054 -395.86151  91.4%     -    0s
     0     2 -395.86151    0  148 -206.83951 -395.86151  91.4%     -    1s
H   27    28                    -254.1037386 -393.05904  54.7%  18.8    1s
H   30    31                    -256.9676950 -393.05904  53.0%  18.0    1s
H   59    60                    -262.1265697 -393.05904  50.0%  15.2    1s
H   89    89                    -268.2804328 -393.05904  46.5%  13.4    2s
H  121   119                    -270.0694428 -393.05904  45.5%  13.9    2s
*  141   133              64    -273.0959711 -393.05904  43.9%  15.7    2s
H  293   261                    -275.8883408 -391.65323  42.0%  12.8    2s
H  320   269                    -286.4949750 -391.65323  36.7%  12.9    3s
H  399   291                    -292.7261136 -391.65323  33.8%  11.8    3s
H  428   316                    -293.3360708 -389.04064  32.6%  11.7    3s
*  682   508              29    -295.8350163 -388.71234  31.4%  12.4    4s
H  743   561                    -297.7441335 -388.71234  30.6%  11.9    5s
H  810   574                    -298.2186683 -388.71234  30.3%  15.2    7s
H  885   600                    -300.8815853 -388.71234  29.2%  15.8    8s
H  922   598                    -301.1934901 -388.71234  29.1%  16.0    8s
  1175   751 -304.38985   58   58 -301.19349 -388.71234  29.1%  15.8   10s
H 1349   788                    -301.3696743 -386.45866  28.2%  15.2   10s
H 1411   777                    -302.4745252 -386.45866  27.8%  15.0   11s
H 1479   751                    -305.9523063 -386.45866  26.3%  14.9   11s
  2381  1210 -308.44433   42   93 -305.95231 -381.11294  24.6%  14.0   15s
  3497  2027 -338.60959   27  117 -305.95231 -378.10324  23.6%  14.8   20s
  4584  2596 -327.14145   31   96 -305.95231 -376.35480  23.0%  14.6   25s
  5540  3315 -368.11833   20  118 -305.95231 -374.42097  22.4%  14.6   30s
  6719  4259 -320.13207   89   50 -305.95231 -373.62359  22.1%  14.2   35s
  7944  5295 -349.31589   23  111 -305.95231 -373.18991  22.0%  13.8   40s
  9333  6427 -328.65618   35  114 -305.95231 -371.46969  21.4%  13.5   45s
 11017  7599 -342.37510   34   99 -305.95231 -370.63830  21.1%  13.4   51s
 12331  8622 -351.40793   25  110 -305.95231 -370.17183  21.0%  13.2   56s
 13653  9456 -321.34025   31   50 -305.95231 -369.33557  20.7%  13.3   60s
H14562 10111                    -306.1274747 -368.96904  20.5%  13.2   63s
H14611  9857                    -307.0588836 -368.96904  20.2%  13.2   63s
H14788  9645                    -307.9878313 -368.96904  19.8%  13.2   63s
 14868  9713 -324.32872   50   61 -307.98783 -368.96904  19.8%  13.2   68s
 14877  9710 -323.06598   51   60 -307.98783 -368.75903  19.7%  13.2   70s
 15958 10450 -310.44571   55   62 -307.98783 -368.38115  19.6%  13.2   76s
 16806 11145 -319.79203   84   56 -307.98783 -368.02666  19.5%  13.2   80s
 18237 12081 -312.52881   63   87 -307.98783 -367.44739  19.3%  13.1   86s
 19718 13258 -314.55069   71   97 -307.98783 -366.98461  19.2%  12.9   91s
 20581 13918 -317.37116   53   74 -307.98783 -366.73278  19.1%  12.8   98s
 21401 14613 -318.26727   44   70 -307.98783 -366.54634  19.0%  12.8  100s

Explored 21517 nodes (277187 simplex iterations) in 100.01 seconds
Thread count was 4 (of 4 available processors)

Solution count 10: -307.988 -307.059 -306.127 ... -297.744

Time limit reached
Best objective -3.079878312662e+02, best bound -3.665463392622e+02, gap 19.0133%

Gurobi 7.5.2 (mac64) logging started Mon Feb 19 15:04:05 2018

Academic license - for non-commercial use only
Optimize a model with 467 rows, 466 columns and 1165 nonzeros
Model has 27028 quadratic objective terms
Variable types: 233 continuous, 233 integer (233 binary)
Coefficient statistics:
  Matrix range     [1e+00, 2e+00]
  Objective range  [8e-03, 3e+06]
  QObjective range [6e-04, 2e+12]
  Bounds range     [1e+00, 2e+00]
  RHS range        [1e+01, 1e+01]
Warning: Model contains large quadratic objective coefficient range
         Consider reformulating model or setting NumericFocus parameter
         to avoid numerical issues.

Loaded MIP start with objective -179.456

Presolve removed 2 rows and 2 columns
Presolve time: 0.01s
Presolved: 465 rows, 464 columns, 1160 nonzeros
Presolved model has 27028 quadratic objective terms
Variable types: 232 continuous, 232 integer (232 binary)

Root relaxation: objective -4.063661e+02, 2154 iterations, 0.42 seconds

    Nodes    |    Current Node    |     Objective Bounds      |     Work
 Expl Unexpl |  Obj  Depth IntInf | Incumbent    BestBd   Gap | It/Node Time

     0     0 -406.36611    0  168 -179.45624 -406.36611   126%     -    0s
H    0     0                    -181.6646904 -406.36611   124%     -    0s
     0     2 -406.36611    0  168 -181.66469 -406.36611   124%     -    2s
H   28    29                    -223.3399035 -403.74213  80.8%  16.9    2s
H   31    32                    -226.6060527 -403.74213  78.2%  16.7    2s
*  182   180              95    -228.5200496 -403.74213  76.7%  11.5    3s
*  184   180              84    -229.8379925 -403.74213  75.7%  12.5    3s
H  186   183                    -231.3736859 -403.74213  74.5%  12.4    3s
*  195   187              85    -233.5314082 -403.74213  72.9%  13.8    3s
H  325   267                    -282.7392198 -401.56216  42.0%  14.2    3s
   582   477 -358.91079   18  113 -282.73922 -399.87660  41.4%  11.7    5s
H  612   500                    -283.8101531 -399.87660  40.9%  11.9    5s
H  647   492                    -287.5018001 -399.87660  39.1%  12.0    5s
H  726   556                    -290.5466417 -399.87660  37.6%  11.7    5s
H  811   593                    -293.1258051 -399.87660  36.4%  15.0    9s
   816   600 -374.45433   21  122 -293.12581 -399.87660  36.4%  15.0   10s
H  841   584                    -293.7072992 -399.87660  36.1%  15.3   10s
H 1420   703                    -293.7862960 -399.87660  36.1%  16.9   14s
  1424   704     cutoff   86      -293.78630 -399.87660  36.1%  16.9   15s
H 1950   757                    -298.9148560 -397.42192  33.0%  15.7   17s
H 1977   729                    -299.5245206 -397.42192  32.7%  15.7   17s
H 2073   745                    -299.9465533 -395.70133  31.9%  15.6   18s
  2255   874 -305.44102   71  113 -299.94655 -395.09420  31.7%  15.8   20s
H 3357  1546                    -303.6683277 -393.77071  29.7%  14.2   24s
  3484  1634     cutoff   40      -303.66833 -393.38374  29.5%  14.3   25s
  4200  2092 -338.83024   40  128 -303.66833 -391.67922  29.0%  13.9   30s
  5145  2792 -318.90690   39   73 -303.66833 -389.60044  28.3%  13.6   35s
  6044  3500     cutoff   33      -303.66833 -389.23258  28.2%  13.3   40s
  6875  4056     cutoff  131      -303.66833 -389.09327  28.1%  13.5   45s
  8069  4867 -342.58246   27   60 -303.66833 -387.74747  27.7%  13.2   50s
  9102  5622 -325.75422   27  160 -303.66833 -386.46156  27.3%  13.0   55s
 10008  6333 -321.58493   66   89 -303.66833 -386.02061  27.1%  13.0   60s

Explored 10056 nodes (132619 simplex iterations) in 60.03 seconds
Thread count was 4 (of 4 available processors)

Solution count 10: -303.668 -299.947 -299.525 ... -283.81

Time limit reached
Best objective -3.036683276674e+02, best bound -3.860206141172e+02, gap 27.1192%

Gurobi 7.5.2 (mac64) logging started Mon Feb 19 17:34:01 2018

Academic license - for non-commercial use only
Optimize a model with 467 rows, 466 columns and 1165 nonzeros
Model has 27028 quadratic objective terms
Variable types: 233 continuous, 233 integer (233 binary)
Coefficient statistics:
  Matrix range     [1e+00, 2e+00]
  Objective range  [8e-03, 3e+06]
  QObjective range [6e-04, 2e+12]
  Bounds range     [1e+00, 2e+00]
  RHS range        [1e+01, 1e+01]
Warning: Model contains large quadratic objective coefficient range
         Consider reformulating model or setting NumericFocus parameter
         to avoid numerical issues.

Loaded MIP start with objective -179.456

Presolve removed 2 rows and 2 columns
Presolve time: 0.01s
Presolved: 465 rows, 464 columns, 1160 nonzeros
Presolved model has 27028 quadratic objective terms
Variable types: 232 continuous, 232 integer (232 binary)

Root relaxation: objective -4.063661e+02, 2154 iterations, 0.40 seconds

    Nodes    |    Current Node    |     Objective Bounds      |     Work
 Expl Unexpl |  Obj  Depth IntInf | Incumbent    BestBd   Gap | It/Node Time

     0     0 -406.36611    0  168 -179.45624 -406.36611   126%     -    0s
H    0     0                    -181.6646904 -406.36611   124%     -    0s
     0     2 -406.36611    0  168 -181.66469 -406.36611   124%     -    2s
H   28    29                    -223.3399035 -403.74213  80.8%  16.9    2s
H   31    32                    -226.6060527 -403.74213  78.2%  16.7    2s
*  182   180              95    -228.5200496 -403.74213  76.7%  11.5    3s
*  184   180              84    -229.8379925 -403.74213  75.7%  12.5    3s
H  186   183                    -231.3736859 -403.74213  74.5%  12.4    3s
*  195   187              85    -233.5314082 -403.74213  72.9%  13.8    3s
   317   278 -348.52621   24  113 -233.53141 -401.56216  72.0%  14.1    5s
H  325   267                    -282.7392198 -401.56216  42.0%  14.2    5s
H  612   500                    -283.8101531 -399.87660  40.9%  11.9    7s
H  647   492                    -287.5018001 -399.87660  39.1%  12.0    7s
H  726   556                    -290.5466417 -399.87660  37.6%  11.7    7s
   744   578 -321.94456   91  168 -290.54664 -399.87660  37.6%  11.5   10s
H  811   593                    -293.1258051 -399.87660  36.4%  15.0   12s
H  841   584                    -293.7072992 -399.87660  36.1%  15.3   13s
  1023   660     cutoff   43      -293.70730 -399.87660  36.1%  17.1   15s
H 1420   703                    -293.7862960 -399.87660  36.1%  16.9   17s
  1822   800 -334.76101   55   96 -293.78630 -397.42192  35.3%  16.0   20s
H 1950   757                    -298.9148560 -397.42192  33.0%  15.7   20s
H 1977   729                    -299.5245206 -397.42192  32.7%  15.7   20s
H 2073   745                    -299.9465533 -395.70133  31.9%  15.6   21s
  2820  1304 -391.82167   16  153 -299.94655 -394.12012  31.4%  15.0   25s
H 3357  1546                    -303.6683277 -393.77071  29.7%  14.2   26s
  3904  1862 -322.70288   64   68 -303.66833 -392.35620  29.2%  14.1   30s
  4835  2605 -382.34483   19  133 -303.66833 -390.00685  28.4%  13.6   35s
  5862  3369 -363.15460   25   99 -303.66833 -389.23258  28.2%  13.3   40s
  6644  3924     cutoff   95      -303.66833 -389.09327  28.1%  13.4   45s
  7796  4628 -311.03951   70  116 -303.66833 -387.74747  27.7%  13.2   50s
  8734  5344 -315.17474   49  109 -303.66833 -387.11492  27.5%  13.0   55s
  9721  6119 -341.87902   32  111 -303.66833 -386.21251  27.2%  12.9   60s

Explored 9847 nodes (129920 simplex iterations) in 60.02 seconds
Thread count was 4 (of 4 available processors)

Solution count 10: -303.668 -299.947 -299.525 ... -283.81

Time limit reached
Best objective -3.036683276674e+02, best bound -3.862125138029e+02, gap 27.1823%

Gurobi 7.5.2 (mac64) logging started Mon Feb 19 20:08:58 2018

Academic license - for non-commercial use only
Optimize a model with 467 rows, 466 columns and 1165 nonzeros
Model has 27028 quadratic objective terms
Variable types: 233 continuous, 233 integer (233 binary)
Coefficient statistics:
  Matrix range     [1e+00, 2e+00]
  Objective range  [8e-03, 3e+06]
  QObjective range [6e-04, 2e+12]
  Bounds range     [1e+00, 2e+00]
  RHS range        [1e+01, 1e+01]
Warning: Model contains large quadratic objective coefficient range
         Consider reformulating model or setting NumericFocus parameter
         to avoid numerical issues.

Loaded MIP start with objective -179.456

Presolve removed 2 rows and 2 columns
Presolve time: 0.01s
Presolved: 465 rows, 464 columns, 1160 nonzeros
Presolved model has 27028 quadratic objective terms
Variable types: 232 continuous, 232 integer (232 binary)

Root relaxation: objective -4.063661e+02, 2154 iterations, 0.38 seconds

    Nodes    |    Current Node    |     Objective Bounds      |     Work
 Expl Unexpl |  Obj  Depth IntInf | Incumbent    BestBd   Gap | It/Node Time

     0     0 -406.36611    0  168 -179.45624 -406.36611   126%     -    0s
H    0     0                    -181.6646904 -406.36611   124%     -    0s
     0     2 -406.36611    0  168 -181.66469 -406.36611   124%     -    2s
H   28    29                    -223.3399035 -403.74213  80.8%  16.9    2s
H   31    32                    -226.6060527 -403.74213  78.2%  16.7    2s
*  182   180              95    -228.5200496 -403.74213  76.7%  11.5    3s
*  184   180              84    -229.8379925 -403.74213  75.7%  12.5    3s
H  186   183                    -231.3736859 -403.74213  74.5%  12.4    3s
*  195   187              85    -233.5314082 -403.74213  72.9%  13.8    3s
H  325   267                    -282.7392198 -401.56216  42.0%  14.2    4s
   542   452 -283.61982  121   50 -282.73922 -401.39029  42.0%  11.3    5s
H  612   500                    -283.8101531 -399.87660  40.9%  11.9    6s
H  647   492                    -287.5018001 -399.87660  39.1%  12.0    6s
H  726   556                    -290.5466417 -399.87660  37.6%  11.7    6s
   744   578 -321.94456   91  168 -290.54664 -399.87660  37.6%  11.5   10s
H  811   593                    -293.1258051 -399.87660  36.4%  15.0   12s
H  841   584                    -293.7072992 -399.87660  36.1%  15.3   13s
   981   645 -335.52029   39   70 -293.70730 -399.87660  36.1%  16.9   15s
H 1420   703                    -293.7862960 -399.87660  36.1%  16.9   18s
  1650   738 -374.35827   26  134 -293.78630 -397.42192  35.3%  16.6   20s
H 1950   757                    -298.9148560 -397.42192  33.0%  15.7   21s
H 1977   729                    -299.5245206 -397.42192  32.7%  15.7   21s
H 2073   745                    -299.9465533 -395.70133  31.9%  15.6   21s
  2714  1223 -308.33145   94   68 -299.94655 -394.12012  31.4%  15.1   25s
H 3357  1546                    -303.6683277 -393.77071  29.7%  14.2   27s
  3794  1770 -345.27201   29   67 -303.66833 -392.35620  29.2%  14.2   30s
  4649  2452 -319.20659   44  116 -303.66833 -390.23760  28.5%  13.8   35s
  5414  2993 -331.10425   36  139 -303.66833 -389.60044  28.3%  13.5   40s
  6044  3500     cutoff   33      -303.66833 -389.23258  28.2%  13.3   45s
  6644  3924     cutoff   95      -303.66833 -389.09327  28.1%  13.4   50s
  7535  4424 -334.69033   33  118 -303.66833 -388.10010  27.8%  13.3   56s
  8069  4870 -342.58246   27   60 -303.66833 -387.74747  27.7%  13.2   60s

Explored 8241 nodes (110545 simplex iterations) in 60.03 seconds
Thread count was 4 (of 4 available processors)

Solution count 10: -303.668 -299.947 -299.525 ... -283.81

Time limit reached
Best objective -3.036683276674e+02, best bound -3.877474726597e+02, gap 27.6878%

Gurobi 7.5.2 (mac64) logging started Tue Feb 20 14:31:53 2018

Academic license - for non-commercial use only
Optimize a model with 363 rows, 362 columns and 905 nonzeros
Model has 16471 quadratic objective terms
Variable types: 181 continuous, 181 integer (181 binary)
Coefficient statistics:
  Matrix range     [1e+00, 7e+03]
  Objective range  [4e+02, 1e+10]
  QObjective range [1e-03, 5e+11]
  Bounds range     [1e+00, 7e+03]
  RHS range        [1e+01, 1e+01]
Warning: Model contains large objective coefficients
Warning: Model contains large quadratic objective coefficient range
         Consider reformulating model or setting NumericFocus parameter
         to avoid numerical issues.

Loaded MIP start with objective -1.44445e+10

Presolve time: 0.03s
Presolved: 363 rows, 362 columns, 905 nonzeros
Presolved model has 16471 quadratic objective terms
Variable types: 181 continuous, 181 integer (181 binary)
Warning: 1 variables dropped from basis

Root relaxation: infeasible, 1166 iterations, 0.06 seconds

    Nodes    |    Current Node    |     Objective Bounds      |     Work
 Expl Unexpl |  Obj  Depth IntInf | Incumbent    BestBd   Gap | It/Node Time

     0     0 infeasible    0      -1.444e+10 -1.444e+10 -0.00%     -    0s

Explored 0 nodes (1166 simplex iterations) in 0.12 seconds
Thread count was 4 (of 4 available processors)

Solution count 1: -1.44445e+10 

Optimal solution found (tolerance 1.00e-04)
Best objective -1.444447376039e+10, best bound -1.444447376039e+10, gap -0.0000%

Gurobi 7.5.2 (mac64) logging started Tue Feb 20 15:00:14 2018

Academic license - for non-commercial use only
Optimize a model with 361 rows, 360 columns and 900 nonzeros
Model has 16290 quadratic objective terms
Variable types: 180 continuous, 180 integer (180 binary)
Coefficient statistics:
  Matrix range     [1e+00, 3e+04]
  Objective range  [4e+02, 1e+10]
  QObjective range [1e-03, 5e+11]
  Bounds range     [1e+00, 3e+04]
  RHS range        [1e+01, 1e+01]
Warning: Model contains large objective coefficients
Warning: Model contains large quadratic objective coefficient range
         Consider reformulating model or setting NumericFocus parameter
         to avoid numerical issues.

Loaded MIP start with objective -5.51942e+09

Presolve time: 0.01s
Presolved: 361 rows, 360 columns, 900 nonzeros
Presolved model has 16290 quadratic objective terms
Variable types: 180 continuous, 180 integer (180 binary)

Root relaxation: objective -2.048813e+10, 2031 iterations, 0.23 seconds

    Nodes    |    Current Node    |     Objective Bounds      |     Work
 Expl Unexpl |  Obj  Depth IntInf | Incumbent    BestBd   Gap | It/Node Time

     0     0 -2.049e+10    0  169 -5.519e+09 -2.049e+10   271%     -    0s
H    0     0                    -5.69905e+09 -2.049e+10   260%     -    0s
H    0     0                    -6.48622e+09 -2.049e+10   216%     -    0s
H    0     0                    -6.59649e+09 -2.049e+10   211%     -    0s
H    0     0                    -6.62502e+09 -2.049e+10   209%     -    1s
     0     2 -2.049e+10    0  169 -6.625e+09 -2.049e+10   209%     -    1s
H   85    81                    -6.76062e+09 -2.002e+10   196%  89.4    3s
H  123   115                    -6.83891e+09 -2.002e+10   193%  77.0    3s
*  277   249              94    -8.74165e+09 -2.001e+10   129%  39.0    3s
H  354   304                    -8.90865e+09 -2.001e+10   125%  32.5    3s
*  371   314              40    -9.29734e+09 -2.001e+10   115%  32.1    4s
H  553   470                    -9.61205e+09 -1.988e+10   107%  26.4    5s
H  560   433                    -1.03992e+10 -1.988e+10  91.2%  26.3    5s
H  587   454                    -1.04771e+10 -1.988e+10  89.8%  25.8    5s
H  629   483                    -1.05816e+10 -1.988e+10  87.9%  24.7    5s
H  720   461                    -1.12489e+10 -1.988e+10  76.8%  22.6    5s
H  779   476                    -1.12876e+10 -1.988e+10  76.2%  24.5    7s
  1203   681 -1.515e+10   35   69 -1.129e+10 -1.982e+10  75.6%  22.2   10s
  1620   845 -1.769e+10   30  117 -1.129e+10 -1.978e+10  75.3%  31.8   15s
H 1765   879                    -1.13619e+10 -1.978e+10  74.1%  30.9   16s
  2746  1628 -1.541e+10   40  104 -1.136e+10 -1.953e+10  71.8%  24.3   20s
  3728  2464 -1.433e+10   36   76 -1.136e+10 -1.942e+10  70.9%  22.2   25s
  4917  3371 -1.835e+10   23  127 -1.136e+10 -1.925e+10  69.4%  20.3   30s
  5273  3631     cutoff   59      -1.136e+10 -1.925e+10  69.4%  24.4   35s
  5790  3992 -1.243e+10   61   94 -1.136e+10 -1.912e+10  68.2%  26.1   40s
  6507  4549 -1.333e+10   59   65 -1.136e+10 -1.904e+10  67.6%  27.6   47s
  7436  5290 -1.851e+10   23  117 -1.136e+10 -1.899e+10  67.1%  26.5   52s
  7763  5431  postponed   60      -1.136e+10 -1.899e+10  67.1%  29.0   56s
  8018  5654 -1.390e+10   62   89 -1.136e+10 -1.896e+10  66.9%  30.5   60s

Explored 8460 nodes (251838 simplex iterations) in 60.01 seconds
Thread count was 4 (of 4 available processors)

Solution count 10: -1.13619e+10 -1.12876e+10 -1.12489e+10 ... -8.74165e+09

Time limit reached
Best objective -1.136193889216e+10, best bound -1.894082398843e+10, gap 66.7042%

Gurobi 7.5.2 (mac64) logging started Wed Feb 21 10:39:58 2018

Academic license - for non-commercial use only
Optimize a model with 473 rows, 472 columns and 1180 nonzeros
Model has 27727 quadratic objective terms
Variable types: 236 continuous, 236 integer (236 binary)
Coefficient statistics:
  Matrix range     [4e-01, 1e+00]
  Objective range  [8e-02, 3e+06]
  QObjective range [1e-04, 2e+12]
  Bounds range     [4e-01, 1e+00]
  RHS range        [1e+01, 1e+01]
Warning: Model contains large quadratic objective coefficient range
         Consider reformulating model or setting NumericFocus parameter
         to avoid numerical issues.

Loaded MIP start with objective -21.8447

Presolve removed 2 rows and 2 columns
Presolve time: 0.06s
Presolved: 471 rows, 470 columns, 1175 nonzeros
Presolved model has 27727 quadratic objective terms
Variable types: 235 continuous, 235 integer (235 binary)

Root relaxation: objective -9.523246e+01, 1513 iterations, 0.22 seconds

    Nodes    |    Current Node    |     Objective Bounds      |     Work
 Expl Unexpl |  Obj  Depth IntInf | Incumbent    BestBd   Gap | It/Node Time

     0     0  -95.23246    0  146  -21.84470  -95.23246   336%     -    0s
     0     2  -95.23246    0  146  -21.84470  -95.23246   336%     -    1s
H   28    29                     -22.3536673  -94.64452   323%  12.6    1s
H   31    32                     -24.2714474  -94.64452   290%  12.3    1s
H   88    89                     -25.0694750  -94.64452   278%  11.3    1s
H  162   162                     -25.1937451  -94.64452   276%   9.5    2s
H  267   260                     -28.1485702  -94.64452   236%   9.7    2s
*  289   279             125     -28.3667370  -94.64452   234%  10.2    2s
H  335   300                     -29.5973944  -94.07492   218%  11.0    2s
H  373   333                     -29.8571844  -94.07492   215%  11.1    2s
H  457   410                     -31.6422660  -94.07492   197%  10.7    3s
H  490   427                     -33.2110955  -94.07492   183%  10.6    3s
H  545   470                     -33.3858479  -94.07492   182%  10.3    3s
H  731   577                     -59.1646386  -93.89324  58.7%  11.2    4s
   732   578  -73.88483  124  146  -59.16464  -93.89324  58.7%  11.2    5s
H  766   555                     -59.4141353  -91.15003  53.4%  13.8    6s
H  805   526                     -61.0672534  -89.41644  46.4%  13.9    6s
*  841   501              26     -61.7986088  -89.34100  44.6%  14.3    6s
H  955   531                     -63.2333756  -89.34100  41.3%  14.5    7s
*  988   524              37     -63.2527541  -89.34100  41.2%  14.6    7s
H  994   504                     -64.8472118  -89.34100  37.8%  14.5    7s
H 1081   529                     -64.9266128  -89.34100  37.6%  14.4    7s
H 1126   513                     -65.5516588  -89.17926  36.0%  14.3    8s
H 1176   505                     -66.3750140  -89.17926  34.4%  14.3    8s
  1765   640  -71.43207   61   52  -66.37501  -87.73971  32.2%  13.3   10s
H 2353   860                     -67.8718826  -86.64114  27.7%  12.1   11s
  3368  1502     cutoff   47       -67.87188  -84.88781  25.1%  12.0   15s
H 5024  2448                     -67.9673138  -83.41455  22.7%  11.1   19s
  5248  2609  -70.89566   57   52  -67.96731  -83.21439  22.4%  11.0   20s
  6846  3451  -82.16222   27   74  -67.96731  -82.27336  21.0%  10.9   25s
H 8197  4223                     -68.0449404  -81.73171  20.1%  10.5   29s
  8574  4442  -79.01953   33   75  -68.04494  -81.42916  19.7%  10.4   30s
 10659  5927  -72.22748   45   76  -68.04494  -80.94820  19.0%  10.0   35s
 12983  7451  -75.68980   38   67  -68.04494  -80.43549  18.2%   9.7   40s
 14578  8537  -76.64305   32   59  -68.04494  -79.99170  17.6%   9.6   45s
 17008 10187  -71.04481   44   69  -68.04494  -79.68092  17.1%   9.3   50s
 19181 11583     cutoff   38       -68.04494  -79.46044  16.8%   9.2   55s
 20473 12265     cutoff   26       -68.04494  -79.24269  16.5%   9.2   60s

Explored 20638 nodes (192122 simplex iterations) in 60.01 seconds
Thread count was 4 (of 4 available processors)

Solution count 10: -68.0449 -67.9673 -67.8719 ... -61.7986

Time limit reached
Best objective -6.804494040550e+01, best bound -7.921714213057e+01, gap 16.4189%

Gurobi 7.5.2 (mac64) logging started Wed Feb 21 12:46:03 2018

Academic license - for non-commercial use only
Optimize a model with 467 rows, 466 columns and 1165 nonzeros
Model has 27028 quadratic objective terms
Variable types: 233 continuous, 233 integer (233 binary)
Coefficient statistics:
  Matrix range     [1e+00, 2e+00]
  Objective range  [8e-03, 3e+06]
  QObjective range [6e-04, 2e+12]
  Bounds range     [1e+00, 2e+00]
  RHS range        [1e+01, 1e+01]
Warning: Model contains large quadratic objective coefficient range
         Consider reformulating model or setting NumericFocus parameter
         to avoid numerical issues.

Loaded MIP start with objective -179.456

Presolve removed 2 rows and 2 columns
Presolve time: 0.05s
Presolved: 465 rows, 464 columns, 1160 nonzeros
Presolved model has 27028 quadratic objective terms
Variable types: 232 continuous, 232 integer (232 binary)

Root relaxation: objective -4.063661e+02, 2154 iterations, 0.42 seconds

    Nodes    |    Current Node    |     Objective Bounds      |     Work
 Expl Unexpl |  Obj  Depth IntInf | Incumbent    BestBd   Gap | It/Node Time

     0     0 -406.36611    0  168 -179.45624 -406.36611   126%     -    0s
H    0     0                    -181.6646904 -406.36611   124%     -    0s
     0     2 -406.36611    0  168 -181.66469 -406.36611   124%     -    2s
H   28    29                    -223.3399035 -403.74213  80.8%  16.9    2s
H   31    32                    -226.6060527 -403.74213  78.2%  16.7    2s
*  182   180              95    -228.5200496 -403.74213  76.7%  11.5    3s
*  184   180              84    -229.8379925 -403.74213  75.7%  12.5    3s
H  186   183                    -231.3736859 -403.74213  74.5%  12.4    3s
*  195   187              85    -233.5314082 -403.74213  72.9%  13.8    3s
H  325   267                    -282.7392198 -401.56216  42.0%  14.2    4s
   570   469 -371.27441   14  129 -282.73922 -399.87660  41.4%  11.6    5s
H  612   500                    -283.8101531 -399.87660  40.9%  11.9    5s
H  647   492                    -287.5018001 -399.87660  39.1%  12.0    5s
H  726   556                    -290.5466417 -399.87660  37.6%  11.7    6s
   790   610 -381.85501   18  140 -290.54664 -399.87660  37.6%  14.9   10s
H  811   593                    -293.1258051 -399.87660  36.4%  15.0   10s
H  841   584                    -293.7072992 -399.87660  36.1%  15.3   10s
H 1420   703                    -293.7862960 -399.87660  36.1%  16.9   14s
  1464   708 -297.49112   95   66 -293.78630 -399.87660  36.1%  16.8   15s
H 1950   757                    -298.9148560 -397.42192  33.0%  15.7   17s
H 1977   729                    -299.5245206 -397.42192  32.7%  15.7   17s
H 2073   745                    -299.9465533 -395.70133  31.9%  15.6   17s
  2504  1081 -333.89063   44   87 -299.94655 -395.09420  31.7%  15.4   20s
H 3357  1546                    -303.6683277 -393.77071  29.7%  14.2   22s
  3794  1770 -345.27201   29   67 -303.66833 -392.35620  29.2%  14.2   25s
  4649  2452 -319.20659   44  116 -303.66833 -390.23760  28.5%  13.8   30s
  5666  3221     cutoff   59      -303.66833 -389.34176  28.2%  13.3   35s
  6644  3924     cutoff   95      -303.66833 -389.09327  28.1%  13.4   40s
  7796  4628 -311.03951   70  116 -303.66833 -387.74747  27.7%  13.2   46s
  8734  5344 -315.17474   49  109 -303.66833 -387.11492  27.5%  13.0   51s
  9721  6119 -341.87902   32  111 -303.66833 -386.21251  27.2%  12.9   56s
 10247  6524 -319.61692   39  124 -303.66833 -385.78045  27.0%  12.9   60s

Explored 10452 nodes (136168 simplex iterations) in 60.02 seconds
Thread count was 4 (of 4 available processors)

Solution count 10: -303.668 -299.947 -299.525 ... -283.81

Time limit reached
Best objective -3.036683276674e+02, best bound -3.857804484553e+02, gap 27.0401%

Gurobi 7.5.2 (mac64) logging started Wed Feb 21 12:49:04 2018

Academic license - for non-commercial use only
Optimize a model with 467 rows, 466 columns and 1165 nonzeros
Model has 27028 quadratic objective terms
Variable types: 233 continuous, 233 integer (233 binary)
Coefficient statistics:
  Matrix range     [4e-01, 1e+00]
  Objective range  [8e-03, 3e+06]
  QObjective range [6e-04, 2e+12]
  Bounds range     [4e-01, 1e+00]
  RHS range        [5e+00, 5e+00]
Warning: Model contains large quadratic objective coefficient range
         Consider reformulating model or setting NumericFocus parameter
         to avoid numerical issues.

Loaded MIP start with objective -175.138

Presolve removed 2 rows and 2 columns
Presolve time: 0.01s
Presolved: 465 rows, 464 columns, 1160 nonzeros
Presolved model has 27028 quadratic objective terms
Variable types: 232 continuous, 232 integer (232 binary)

Root relaxation: objective -3.591597e+02, 1336 iterations, 0.15 seconds

    Nodes    |    Current Node    |     Objective Bounds      |     Work
 Expl Unexpl |  Obj  Depth IntInf | Incumbent    BestBd   Gap | It/Node Time

     0     0 -359.15974    0   76 -175.13802 -359.15974   105%     -    0s
H    0     0                    -179.5731420 -359.15974   100%     -    0s
     0     2 -359.15974    0   76 -179.57314 -359.15974   100%     -    0s
H   29    31                    -199.6322806 -347.95889  74.3%  18.4    1s
H   31    32                    -242.3549157 -347.95889  43.6%  18.4    1s
H   59    61                    -261.8492765 -347.95889  32.9%  15.8    1s
*  400   359             170    -263.2647717 -346.22726  31.5%  11.2    2s
H  553   448                    -266.0461000 -341.05904  28.2%  11.2    2s
H  778   550                    -270.3665950 -336.13526  24.3%  14.9    4s
   933   590 -303.90058   22   49 -270.36660 -336.13526  24.3%  16.0    5s
  2705  1040 -281.72359   30   46 -270.36660 -318.45386  17.8%  14.0   10s
  5021  2095 -303.68473   18   49 -270.36660 -305.43636  13.0%  13.5   15s
  7474  2932     cutoff   43      -270.36660 -296.21473  9.56%  13.4   20s
  9842  3546 -272.38875   23   44 -270.36660 -291.22792  7.72%  13.1   25s
 12472  3688 -277.23552   40   45 -270.36660 -286.35348  5.91%  13.1   30s
H13714  3360                    -271.1691487 -284.43516  4.89%  13.2   33s
H13728  3090                    -271.9920639 -284.43516  4.57%  13.2   33s
 14350  2951     cutoff   47      -271.99206 -283.50172  4.23%  13.1   35s
 16367  2426 -276.37751   41   42 -271.99206 -279.58748  2.79%  13.2   40s
 18198  1343     cutoff   30      -271.99206 -275.55933  1.31%  13.2   45s

Explored 19742 nodes (261578 simplex iterations) in 48.57 seconds
Thread count was 4 (of 4 available processors)

Solution count 10: -271.992 -271.169 -270.367 ... -175.138

Optimal solution found (tolerance 1.00e-04)
Best objective -2.719920638615e+02, best bound -2.719920638615e+02, gap 0.0000%

Gurobi 7.5.2 (mac64) logging started Wed Feb 21 12:53:17 2018

Academic license - for non-commercial use only
Optimize a model with 467 rows, 466 columns and 1165 nonzeros
Model has 27028 quadratic objective terms
Variable types: 233 continuous, 233 integer (233 binary)
Coefficient statistics:
  Matrix range     [4e-01, 1e+00]
  Objective range  [8e-03, 3e+06]
  QObjective range [6e-04, 2e+12]
  Bounds range     [4e-01, 1e+00]
  RHS range        [5e+00, 5e+00]
Warning: Model contains large quadratic objective coefficient range
         Consider reformulating model or setting NumericFocus parameter
         to avoid numerical issues.

Loaded MIP start with objective -175.138

Presolve removed 2 rows and 2 columns
Presolve time: 0.01s
Presolved: 465 rows, 464 columns, 1160 nonzeros
Presolved model has 27028 quadratic objective terms
Variable types: 232 continuous, 232 integer (232 binary)

Root relaxation: objective -3.591597e+02, 1336 iterations, 0.12 seconds

    Nodes    |    Current Node    |     Objective Bounds      |     Work
 Expl Unexpl |  Obj  Depth IntInf | Incumbent    BestBd   Gap | It/Node Time

     0     0 -359.15974    0   76 -175.13802 -359.15974   105%     -    0s
H    0     0                    -179.5731420 -359.15974   100%     -    0s
     0     2 -359.15974    0   76 -179.57314 -359.15974   100%     -    0s
H   29    31                    -199.6322806 -347.95889  74.3%  18.4    0s
H   31    32                    -242.3549157 -347.95889  43.6%  18.4    0s
H   59    61                    -261.8492765 -347.95889  32.9%  15.8    0s
*  400   359             170    -263.2647717 -346.22726  31.5%  11.2    2s
H  553   448                    -266.0461000 -341.05904  28.2%  11.2    2s
H  778   550                    -270.3665950 -336.13526  24.3%  14.9    4s
   979   603 -292.84960   41   45 -270.36660 -336.13526  24.3%  15.8    5s
  2705  1040 -281.72359   30   46 -270.36660 -318.45386  17.8%  14.0   10s
  4797  2057 -303.00384   18   55 -270.36660 -306.16042  13.2%  13.4   15s
  6999  2771 -290.24486   26   48 -270.36660 -297.45417  10.0%  13.4   20s
  9131  3391 -284.25394   32   51 -270.36660 -292.49726  8.19%  13.2   25s
 11677  3694     cutoff   27      -270.36660 -287.58305  6.37%  13.1   30s
H13714  3360                    -271.1691487 -284.43516  4.89%  13.2   34s
H13728  3090                    -271.9920639 -284.43516  4.57%  13.2   34s
 13870  3065     cutoff   43      -271.99206 -284.32896  4.54%  13.2   35s
 15760  2618     cutoff   43      -271.99206 -280.70799  3.20%  13.2   40s
 17587  1758     cutoff   30      -271.99206 -276.88621  1.80%  13.2   45s
 19575    83     cutoff   40      -271.99206 -272.39338  0.15%  13.2   50s

Explored 19742 nodes (261578 simplex iterations) in 50.33 seconds
Thread count was 4 (of 4 available processors)

Solution count 10: -271.992 -271.169 -270.367 ... -175.138

Optimal solution found (tolerance 1.00e-04)
Best objective -2.719920638615e+02, best bound -2.719920638615e+02, gap 0.0000%

Gurobi 7.5.2 (mac64) logging started Wed Feb 21 13:08:35 2018

Academic license - for non-commercial use only
Optimize a model with 361 rows, 360 columns and 900 nonzeros
Model has 16290 quadratic objective terms
Variable types: 180 continuous, 180 integer (180 binary)
Coefficient statistics:
  Matrix range     [1e+00, 2e+04]
  Objective range  [4e+02, 1e+10]
  QObjective range [1e-03, 5e+11]
  Bounds range     [1e+00, 2e+04]
  RHS range        [5e+00, 5e+00]
Warning: Model contains large objective coefficients
Warning: Model contains large quadratic objective coefficient range
         Consider reformulating model or setting NumericFocus parameter
         to avoid numerical issues.

Loaded MIP start with objective -6.29e+09

Presolve time: 0.00s
Presolved: 361 rows, 360 columns, 900 nonzeros
Presolved model has 16290 quadratic objective terms
Variable types: 180 continuous, 180 integer (180 binary)

Root relaxation: objective -1.792072e+10, 1776 iterations, 0.18 seconds

    Nodes    |    Current Node    |     Objective Bounds      |     Work
 Expl Unexpl |  Obj  Depth IntInf | Incumbent    BestBd   Gap | It/Node Time

     0     0 -1.792e+10    0   99 -6.290e+09 -1.792e+10   185%     -    0s
     0     2 -1.792e+10    0   99 -6.290e+09 -1.792e+10   185%     -    0s
H   28    28                    -7.30833e+09 -1.732e+10   137%  62.9    0s
H  128   127                    -7.88819e+09 -1.732e+10   120%  23.2    1s
H  204   188                    -7.96323e+09 -1.692e+10   112%  17.8    1s
   399   374 -8.386e+09  107   64 -7.963e+09 -1.647e+10   107%  61.3    5s
H  426   394                    -7.99781e+09 -1.611e+10   101%  58.3    5s
H  454   389                    -8.24329e+09 -1.611e+10  95.4%  58.2    5s
H  919   755                    -8.29520e+09 -1.579e+10  90.4%  44.0    9s
  1126   879  postponed   24      -8.295e+09 -1.579e+10  90.4%  40.1   10s
H 1333   959                    -8.52705e+09 -1.579e+10  85.2%  36.7   10s
  1773  1181     cutoff   45      -8.527e+09 -1.548e+10  81.5%  39.0   15s
H 2107  1151                    -8.77341e+09 -1.529e+10  74.3%  53.9   19s
  2149  1156 -1.218e+10   29   47 -8.773e+09 -1.529e+10  74.3%  53.1   20s
  2559  1268 -9.336e+09   85   62 -8.773e+09 -1.496e+10  70.5%  57.5   25s
  3046  1504     cutoff   46      -8.773e+09 -1.472e+10  67.8%  55.5   30s
  3824  2031 -1.127e+10   39   51 -8.773e+09 -1.446e+10  64.8%  51.6   35s
  4228  2390  postponed   33      -8.773e+09 -1.432e+10  63.2%  56.1   40s
  4520  2606 infeasible   41      -8.773e+09 -1.422e+10  62.0%  63.3   45s
  4837  2822  postponed   42      -8.773e+09 -1.422e+10  62.0%  70.2   50s
  5178  3097 -1.074e+10   57   48 -8.773e+09 -1.422e+10  62.0%  74.7   55s
  5530  3343     cutoff   35      -8.773e+09 -1.411e+10  60.8%  81.4   60s

Explored 5589 nodes (456461 simplex iterations) in 60.01 seconds
Thread count was 4 (of 4 available processors)

Solution count 9: -8.77341e+09 -8.52705e+09 -8.2952e+09 ... -6.29e+09

Time limit reached
Best objective -8.773405089640e+09, best bound -1.411004018787e+10, gap 60.8274%

Gurobi 7.5.2 (mac64) logging started Wed Feb 21 13:57:22 2018

Academic license - for non-commercial use only
Optimize a model with 361 rows, 360 columns and 900 nonzeros
Model has 16290 quadratic objective terms
Variable types: 180 continuous, 180 integer (180 binary)
Coefficient statistics:
  Matrix range     [1e+00, 2e+04]
  Objective range  [4e+02, 1e+10]
  QObjective range [1e-03, 5e+11]
  Bounds range     [1e+00, 2e+04]
  RHS range        [5e+00, 5e+00]
Warning: Model contains large objective coefficients
Warning: Model contains large quadratic objective coefficient range
         Consider reformulating model or setting NumericFocus parameter
         to avoid numerical issues.

Loaded MIP start with objective -6.29e+09

Presolve time: 0.00s
Presolved: 361 rows, 360 columns, 900 nonzeros
Presolved model has 16290 quadratic objective terms
Variable types: 180 continuous, 180 integer (180 binary)

Root relaxation: objective -1.792072e+10, 1776 iterations, 0.20 seconds

    Nodes    |    Current Node    |     Objective Bounds      |     Work
 Expl Unexpl |  Obj  Depth IntInf | Incumbent    BestBd   Gap | It/Node Time

     0     0 -1.792e+10    0   99 -6.290e+09 -1.792e+10   185%     -    0s
     0     2 -1.792e+10    0   99 -6.290e+09 -1.792e+10   185%     -    0s
H   28    28                    -7.30833e+09 -1.732e+10   137%  62.9    0s
H  128   127                    -7.88819e+09 -1.732e+10   120%  23.2    1s
H  204   188                    -7.96323e+09 -1.692e+10   112%  17.8    1s
H  426   394                    -7.99781e+09 -1.611e+10   101%  58.3    5s
H  454   389                    -8.24329e+09 -1.611e+10  95.4%  58.2    5s
H  919   755                    -8.29520e+09 -1.579e+10  90.4%  44.0    9s
  1126   879  postponed   24      -8.295e+09 -1.579e+10  90.4%  40.1   10s
H 1333   959                    -8.52705e+09 -1.579e+10  85.2%  36.7   10s
  1773  1181     cutoff   45      -8.527e+09 -1.548e+10  81.5%  39.0   15s
H 2107  1151                    -8.77341e+09 -1.529e+10  74.3%  53.9   19s
  2164  1158     cutoff   33      -8.773e+09 -1.529e+10  74.3%  54.2   20s
  2559  1268 -9.336e+09   85   62 -8.773e+09 -1.496e+10  70.5%  57.5   25s
  3281  1656     cutoff   74      -8.773e+09 -1.472e+10  67.8%  53.7   30s
  4026  2213 -9.876e+09   78   50 -8.773e+09 -1.432e+10  63.2%  54.7   35s
  4343  2465 -1.281e+10   29   69 -8.773e+09 -1.429e+10  62.8%  60.3   40s
  4550  2616  postponed   32      -8.773e+09 -1.422e+10  62.0%  69.1   45s
  4896  2862 -1.159e+10   44   45 -8.773e+09 -1.422e+10  62.0%  72.4   50s
  5359  3250 -9.000e+09  134   28 -8.773e+09 -1.411e+10  60.8%  75.0   55s
  5788  3451     cutoff   71      -8.773e+09 -1.406e+10  60.3%  83.0   60s

Explored 5790 nodes (482376 simplex iterations) in 60.01 seconds
Thread count was 4 (of 4 available processors)

Solution count 9: -8.77341e+09 -8.52705e+09 -8.2952e+09 ... -6.29e+09

Time limit reached
Best objective -8.773405089640e+09, best bound -1.406349063487e+10, gap 60.2968%

Gurobi 7.5.2 (mac64) logging started Wed Feb 21 14:03:22 2018

Academic license - for non-commercial use only
Optimize a model with 361 rows, 360 columns and 900 nonzeros
Model has 16290 quadratic objective terms
Variable types: 180 continuous, 180 integer (180 binary)
Coefficient statistics:
  Matrix range     [1e+00, 2e+04]
  Objective range  [4e+02, 1e+10]
  QObjective range [1e-03, 5e+11]
  Bounds range     [1e+00, 2e+04]
  RHS range        [5e+00, 5e+00]
Warning: Model contains large objective coefficients
Warning: Model contains large quadratic objective coefficient range
         Consider reformulating model or setting NumericFocus parameter
         to avoid numerical issues.

Loaded MIP start with objective -6.29e+09

Presolve time: 0.00s
Presolved: 361 rows, 360 columns, 900 nonzeros
Presolved model has 16290 quadratic objective terms
Variable types: 180 continuous, 180 integer (180 binary)

Root relaxation: objective -1.792072e+10, 1776 iterations, 0.19 seconds

    Nodes    |    Current Node    |     Objective Bounds      |     Work
 Expl Unexpl |  Obj  Depth IntInf | Incumbent    BestBd   Gap | It/Node Time

     0     0 -1.792e+10    0   99 -6.290e+09 -1.792e+10   185%     -    0s
     0     2 -1.792e+10    0   99 -6.290e+09 -1.792e+10   185%     -    0s
H   28    28                    -7.30833e+09 -1.732e+10   137%  62.9    0s
H  128   127                    -7.88819e+09 -1.732e+10   120%  23.2    1s
H  204   188                    -7.96323e+09 -1.692e+10   112%  17.8    1s
   366   344     cutoff   76      -7.963e+09 -1.678e+10   111%  55.2    5s
H  426   394                    -7.99781e+09 -1.611e+10   101%  58.3    5s
H  454   389                    -8.24329e+09 -1.611e+10  95.4%  58.2    6s
H  919   755                    -8.29520e+09 -1.579e+10  90.4%  44.0    9s
   931   768 -1.091e+10   39   98 -8.295e+09 -1.579e+10  90.4%  43.7   10s
H 1333   959                    -8.52705e+09 -1.579e+10  85.2%  36.7   11s
  1760  1180  postponed   44      -8.527e+09 -1.548e+10  81.5%  38.0   15s
  2037  1244     cutoff   22      -8.527e+09 -1.529e+10  79.3%  53.7   20s
H 2107  1151                    -8.77341e+09 -1.529e+10  74.3%  53.9   20s
  2489  1232 -1.228e+10   35   68 -8.773e+09 -1.496e+10  70.5%  57.4   25s
  3177  1591     cutoff   58      -8.773e+09 -1.472e+10  67.8%  54.6   30s
  3997  2183 -1.009e+10   69   51 -8.773e+09 -1.446e+10  64.8%  53.5   35s
  4343  2465 -1.281e+10   29   69 -8.773e+09 -1.429e+10  62.8%  60.3   40s
  4537  2614 infeasible   31      -8.773e+09 -1.422e+10  62.0%  65.7   45s
  4837  2822  postponed   42      -8.773e+09 -1.422e+10  62.0%  70.2   50s
  5118  3065  postponed   53      -8.773e+09 -1.422e+10  62.0%  73.1   55s
  5530  3342     cutoff   35      -8.773e+09 -1.411e+10  60.8%  81.4   60s

Explored 5545 nodes (453216 simplex iterations) in 60.01 seconds
Thread count was 4 (of 4 available processors)

Solution count 9: -8.77341e+09 -8.52705e+09 -8.2952e+09 ... -6.29e+09

Time limit reached
Best objective -8.773405089640e+09, best bound -1.411004018787e+10, gap 60.8274%
